<?xml version="1.0" encoding="UTF-8"?>
<!-- Generated by org.testng.reporters.JUnitXMLReporter -->
<testsuite ignored="0" hostname="Ahmad" failures="0" tests="3" name="Default test" time="0.056" errors="0" timestamp="2024-07-02T17:31:32 EDT">
  <testcase classname="JavaPkg.U_dataProvider" name="login" time="0.009"/>
  <testcase classname="JavaPkg.U_dataProvider" name="login" time="0.002"/>
  <testcase classname="JavaPkg.U_dataProvider" name="login" time="0.001"/>
</testsuite> <!-- Default test -->
