<?xml version="1.0" encoding="UTF-8"?>
<testng-results ignored="0" total="1" passed="1" failed="0" skipped="0">
  <reporter-output>
  </reporter-output>
  <suite started-at="2024-10-09T22:21:35 EDT" name="Default suite" finished-at="2024-10-09T22:21:35 EDT" duration-ms="48">
    <groups>
    </groups>
    <test started-at="2024-10-09T22:21:35 EDT" name="Default test" finished-at="2024-10-09T22:21:35 EDT" duration-ms="48">
      <class name="JavaPkg.testingzzzzz">
        <test-method signature="P_StreamsTest()[pri:0, instance:JavaPkg.testingzzzzz@be35cd9]" started-at="2024-10-09T22:21:35 EDT" name="P_StreamsTest" finished-at="2024-10-09T22:21:35 EDT" duration-ms="9" status="PASS">
          <reporter-output>
          </reporter-output>
        </test-method> <!-- P_StreamsTest -->
      </class> <!-- JavaPkg.testingzzzzz -->
    </test> <!-- Default test -->
  </suite> <!-- Default suite -->
</testng-results>
