<?xml version="1.0" encoding="UTF-8"?>
<testng-results ignored="0" total="1" passed="1" failed="0" skipped="0">
  <reporter-output>
  </reporter-output>
  <suite started-at="2024-11-26T21:23:34 EST" name="Default suite" finished-at="2024-11-26T21:23:35 EST" duration-ms="48">
    <groups>
    </groups>
    <test started-at="2024-11-26T21:23:34 EST" name="Default test" finished-at="2024-11-26T21:23:35 EST" duration-ms="48">
      <class name="Inheritance_using_TestNG.Pchild">
        <test-method signature="execute()[pri:0, instance:Inheritance_using_TestNG.Pchild@7880cdf3]" started-at="2024-11-26T21:23:34 EST" name="execute" finished-at="2024-11-26T21:23:35 EST" duration-ms="8" status="PASS">
          <reporter-output>
          </reporter-output>
        </test-method> <!-- execute -->
      </class> <!-- Inheritance_using_TestNG.Pchild -->
    </test> <!-- Default test -->
  </suite> <!-- Default suite -->
</testng-results>
